{"ts": "2026-06-21T10:33:47", "event": "[WARNING]", "fn": "happend_something", "msg": "Wet track (wettiness=100) but Kim Nguen uses dry tyres (hard) at lap 1. Stopping simulation.", "lap": 1, "driver": "Kim Nguen", "pneu": "hard", "wettiness": 100}
{"ts": "2026-06-21T10:33:47", "event": "[WARNING]", "fn": "safety_car", "msg": "driver mistake penalty", "name": "Carlos Navarro", "penalty": 10, "lap": 1, "weather": "sunny"}
{"ts": "2026-06-21T10:33:47", "event": "[WARNING]", "fn": "happend_something", "msg": "Wet track (wettiness=100) but Kim Nguen uses dry tyres (hard) at lap 2. Stopping simulation.", "lap": 2, "driver": "Kim Nguen", "pneu": "hard", "wettiness": 100}
{"ts": "2026-06-21T10:33:47", "event": "[WARNING]", "fn": "happend_something", "msg": "Wet track (wettiness=100) but Kim Nguen uses dry tyres (hard) at lap 3. Stopping simulation.", "lap": 3, "driver": "Kim Nguen", "pneu": "hard", "wettiness": 100}
{"ts": "2026-06-21T10:33:47", "event": "[WARNING]", "fn": "happend_something", "msg": "Wet track (wettiness=100) but Kim Nguen uses dry tyres (hard) at lap 4. Stopping simulation.", "lap": 4, "driver": "Kim Nguen", "pneu": "hard", "wettiness": 100}
{"ts": "2026-06-21T10:33:47", "event": "[WARNING]", "fn": "happend_something", "msg": "Wet track (wettiness=100) but Kim Nguen uses dry tyres (hard) at lap 5. Stopping simulation.", "lap": 5, "driver": "Kim Nguen", "pneu": "hard", "wettiness": 100}
{"ts": "2026-06-21T10:33:47", "event": "[WARNING]", "fn": "happend_something", "msg": "Wet track (wettiness=100) but Kim Nguen uses dry tyres (hard) at lap 6. Stopping simulation.", "lap": 6, "driver": "Kim Nguen", "pneu": "hard", "wettiness": 100}
{"ts": "2026-06-21T10:33:47", "event": "[WARNING]", "fn": "happend_something", "msg": "Wet track (wettiness=100) but Kim Nguen uses dry tyres (hard) at lap 7. Stopping simulation.", "lap": 7, "driver": "Kim Nguen", "pneu": "hard", "wettiness": 100}
{"ts": "2026-06-21T10:33:47", "event": "[WARNING]", "fn": "happend_something", "msg": "Wet track (wettiness=100) but Kim Nguen uses dry tyres (hard) at lap 8. Stopping simulation.", "lap": 8, "driver": "Kim Nguen", "pneu": "hard", "wettiness": 100}
{"ts": "2026-06-21T10:33:47", "event": "[WARNING]", "fn": "happend_something", "msg": "Wet track (wettiness=100) but Kim Nguen uses dry tyres (hard) at lap 9. Stopping simulation.", "lap": 9, "driver": "Kim Nguen", "pneu": "hard", "wettiness": 100}
{"ts": "2026-06-21T10:33:47", "event": "[WARNING]", "fn": "happend_something", "msg": "Wet track (wettiness=100) but Kim Nguen uses dry tyres (hard) at lap 10. Stopping simulation.", "lap": 10, "driver": "Kim Nguen", "pneu": "hard", "wettiness": 100}
{"ts": "2026-06-21T10:33:47", "event": "[WARNING]", "fn": "safety_car", "msg": "driver mistake penalty", "name": "Alex Storme", "penalty": 25, "lap": 10, "weather": "sunny"}
{"ts": "2026-06-21T10:33:47", "event": "[WARNING]", "fn": "happend_something", "msg": "Wet track (wettiness=100) but Kim Nguen uses dry tyres (hard) at lap 11. Stopping simulation.", "lap": 11, "driver": "Kim Nguen", "pneu": "hard", "wettiness": 100}
{"ts": "2026-06-21T10:33:47", "event": "[WARNING]", "fn": "happend_something", "msg": "Wet track (wettiness=100) but Kim Nguen uses dry tyres (hard) at lap 12. Stopping simulation.", "lap": 12, "driver": "Kim Nguen", "pneu": "hard", "wettiness": 100}
{"ts": "2026-06-21T10:33:47", "event": "[WARNING]", "fn": "happend_something", "msg": "Wet track (wettiness=100) but Kim Nguen uses dry tyres (hard) at lap 13. Stopping simulation.", "lap": 13, "driver": "Kim Nguen", "pneu": "hard", "wettiness": 100}
{"ts": "2026-06-21T10:33:47", "event": "[WARNING]", "fn": "happend_something", "msg": "Wet track (wettiness=100) but Kim Nguen uses dry tyres (hard) at lap 14. Stopping simulation.", "lap": 14, "driver": "Kim Nguen", "pneu": "hard", "wettiness": 100}
{"ts": "2026-06-21T10:33:47", "event": "[WARNING]", "fn": "happend_something", "msg": "Wet track (wettiness=100) but Kim Nguen uses dry tyres (hard) at lap 15. Stopping simulation.", "lap": 15, "driver": "Kim Nguen", "pneu": "hard", "wettiness": 100}
{"ts": "2026-06-21T10:33:47", "event": "[WARNING]", "fn": "happend_something", "msg": "Wet track (wettiness=100) but Kim Nguen uses dry tyres (hard) at lap 16. Stopping simulation.", "lap": 16, "driver": "Kim Nguen", "pneu": "hard", "wettiness": 100}
{"ts": "2026-06-21T10:33:47", "event": "[WARNING]", "fn": "happend_something", "msg": "Wet track (wettiness=100) but Kim Nguen uses dry tyres (hard) at lap 17. Stopping simulation.", "lap": 17, "driver": "Kim Nguen", "pneu": "hard", "wettiness": 100}
{"ts": "2026-06-21T10:33:47", "event": "[WARNING]", "fn": "happend_something", "msg": "Wet track (wettiness=100) but Kim Nguen uses dry tyres (hard) at lap 18. Stopping simulation.", "lap": 18, "driver": "Kim Nguen", "pneu": "hard", "wettiness": 100}
{"ts": "2026-06-21T10:33:47", "event": "[WARNING]", "fn": "safety_car", "msg": "driver mistake penalty", "name": "Lukas Rennhardt", "penalty": 20, "lap": 18, "weather": "sunny"}
{"ts": "2026-06-21T10:33:47", "event": "[WARNING]", "fn": "happend_something", "msg": "Wet track (wettiness=100) but Kim Nguen uses dry tyres (hard) at lap 19. Stopping simulation.", "lap": 19, "driver": "Kim Nguen", "pneu": "hard", "wettiness": 100}
{"ts": "2026-06-21T10:33:47", "event": "[WARNING]", "fn": "happend_something", "msg": "Wet track (wettiness=100) but Kim Nguen uses dry tyres (hard) at lap 20. Stopping simulation.", "lap": 20, "driver": "Kim Nguen", "pneu": "hard", "wettiness": 100}
{"ts": "2026-06-21T10:33:47", "event": "[WARNING]", "fn": "happend_something", "msg": "Wet track (wettiness=100) but Kim Nguen uses dry tyres (hard) at lap 21. Stopping simulation.", "lap": 21, "driver": "Kim Nguen", "pneu": "hard", "wettiness": 100}
{"ts": "2026-06-21T10:33:47", "event": "[WARNING]", "fn": "happend_something", "msg": "Wet track (wettiness=100) but Kim Nguen uses dry tyres (hard) at lap 22. Stopping simulation.", "lap": 22, "driver": "Kim Nguen", "pneu": "hard", "wettiness": 100}
{"ts": "2026-06-21T10:33:47", "event": "[WARNING]", "fn": "happend_something", "msg": "Wet track (wettiness=100) but Kim Nguen uses dry tyres (hard) at lap 23. Stopping simulation.", "lap": 23, "driver": "Kim Nguen", "pneu": "hard", "wettiness": 100}
{"ts": "2026-06-21T10:33:47", "event": "[WARNING]", "fn": "happend_something", "msg": "Wet track (wettiness=100) but Kim Nguen uses dry tyres (hard) at lap 24. Stopping simulation.", "lap": 24, "driver": "Kim Nguen", "pneu": "hard", "wettiness": 100}
{"ts": "2026-06-21T10:33:47", "event": "[WARNING]", "fn": "happend_something", "msg": "Wet track (wettiness=100) but Kim Nguen uses dry tyres (hard) at lap 25. Stopping simulation.", "lap": 25, "driver": "Kim Nguen", "pneu": "hard", "wettiness": 100}
{"ts": "2026-06-21T10:33:48", "event": "[WARNING]", "fn": "happend_something", "msg": "Wet track (wettiness=100) but Kim Nguen uses dry tyres (hard) at lap 26. Stopping simulation.", "lap": 26, "driver": "Kim Nguen", "pneu": "hard", "wettiness": 100}
{"ts": "2026-06-21T10:33:48", "event": "[WARNING]", "fn": "safety_car", "msg": "driver mistake penalty", "name": "Lukas Rennhardt", "penalty": 47, "lap": 26, "weather": "sunny"}
{"ts": "2026-06-21T10:33:48", "event": "[WARNING]", "fn": "happend_something", "msg": "Wet track (wettiness=100) but Kim Nguen uses dry tyres (hard) at lap 27. Stopping simulation.", "lap": 27, "driver": "Kim Nguen", "pneu": "hard", "wettiness": 100}
{"ts": "2026-06-21T10:33:48", "event": "[WARNING]", "fn": "happend_something", "msg": "Wet track (wettiness=100) but Kim Nguen uses dry tyres (hard) at lap 28. Stopping simulation.", "lap": 28, "driver": "Kim Nguen", "pneu": "hard", "wettiness": 100}
{"ts": "2026-06-21T10:33:48", "event": "[WARNING]", "fn": "happend_something", "msg": "Wet track (wettiness=100) but Kim Nguen uses dry tyres (hard) at lap 29. Stopping simulation.", "lap": 29, "driver": "Kim Nguen", "pneu": "hard", "wettiness": 100}
{"ts": "2026-06-21T10:33:48", "event": "[WARNING]", "fn": "happend_something", "msg": "Wet track (wettiness=100) but Kim Nguen uses dry tyres (hard) at lap 30. Stopping simulation.", "lap": 30, "driver": "Kim Nguen", "pneu": "hard", "wettiness": 100}
{"ts": "2026-06-21T10:33:48", "event": "[WARNING]", "fn": "happend_something", "msg": "Wet track (wettiness=100) but Kim Nguen uses dry tyres (hard) at lap 31. Stopping simulation.", "lap": 31, "driver": "Kim Nguen", "pneu": "hard", "wettiness": 100}
{"ts": "2026-06-21T10:33:48", "event": "[WARNING]", "fn": "happend_something", "msg": "Wet track (wettiness=100) but Kim Nguen uses dry tyres (hard) at lap 32. Stopping simulation.", "lap": 32, "driver": "Kim Nguen", "pneu": "hard", "wettiness": 100}
{"ts": "2026-06-21T10:33:48", "event": "[WARNING]", "fn": "safety_car", "msg": "driver mistake penalty", "name": "Tomás Moreira", "penalty": 15, "lap": 32, "weather": "sunny"}
{"ts": "2026-06-21T10:33:48", "event": "[WARNING]", "fn": "happend_something", "msg": "Wet track (wettiness=100) but Kim Nguen uses dry tyres (hard) at lap 33. Stopping simulation.", "lap": 33, "driver": "Kim Nguen", "pneu": "hard", "wettiness": 100}
{"ts": "2026-06-21T10:33:48", "event": "[WARNING]", "fn": "happend_something", "msg": "Wet track (wettiness=100) but Kim Nguen uses dry tyres (hard) at lap 34. Stopping simulation.", "lap": 34, "driver": "Kim Nguen", "pneu": "hard", "wettiness": 100}
{"ts": "2026-06-21T10:33:48", "event": "[WARNING]", "fn": "safety_car", "msg": "driver mistake penalty", "name": "Arjun Desai", "penalty": 10, "lap": 34, "weather": "sunny"}
{"ts": "2026-06-21T10:33:48", "event": "[WARNING]", "fn": "happend_something", "msg": "Wet track (wettiness=100) but Kim Nguen uses dry tyres (hard) at lap 35. Stopping simulation.", "lap": 35, "driver": "Kim Nguen", "pneu": "hard", "wettiness": 100}
{"ts": "2026-06-21T10:33:48", "event": "[WARNING]", "fn": "happend_something", "msg": "Wet track (wettiness=100) but Kim Nguen uses dry tyres (hard) at lap 36. Stopping simulation.", "lap": 36, "driver": "Kim Nguen", "pneu": "hard", "wettiness": 100}
{"ts": "2026-06-21T10:33:48", "event": "[WARNING]", "fn": "happend_something", "msg": "Wet track (wettiness=100) but Kim Nguen uses dry tyres (hard) at lap 37. Stopping simulation.", "lap": 37, "driver": "Kim Nguen", "pneu": "hard", "wettiness": 100}
{"ts": "2026-06-21T10:33:48", "event": "[WARNING]", "fn": "happend_something", "msg": "Wet track (wettiness=100) but Kim Nguen uses dry tyres (hard) at lap 38. Stopping simulation.", "lap": 38, "driver": "Kim Nguen", "pneu": "hard", "wettiness": 100}
{"ts": "2026-06-21T10:33:48", "event": "[WARNING]", "fn": "happend_something", "msg": "Wet track (wettiness=100) but Kim Nguen uses dry tyres (hard) at lap 39. Stopping simulation.", "lap": 39, "driver": "Kim Nguen", "pneu": "hard", "wettiness": 100}
{"ts": "2026-06-21T10:33:48", "event": "[WARNING]", "fn": "happend_something", "msg": "Wet track (wettiness=100) but Kim Nguen uses dry tyres (hard) at lap 40. Stopping simulation.", "lap": 40, "driver": "Kim Nguen", "pneu": "hard", "wettiness": 100}
{"ts": "2026-06-21T10:33:48", "event": "[WARNING]", "fn": "happend_something", "msg": "Wet track (wettiness=100) but Kim Nguen uses dry tyres (hard) at lap 41. Stopping simulation.", "lap": 41, "driver": "Kim Nguen", "pneu": "hard", "wettiness": 100}
{"ts": "2026-06-21T10:33:48", "event": "[WARNING]", "fn": "happend_something", "msg": "Wet track (wettiness=100) but Kim Nguen uses dry tyres (hard) at lap 42. Stopping simulation.", "lap": 42, "driver": "Kim Nguen", "pneu": "hard", "wettiness": 100}
{"ts": "2026-06-21T10:33:48", "event": "[WARNING]", "fn": "happend_something", "msg": "Wet track (wettiness=100) but Kim Nguen uses dry tyres (hard) at lap 43. Stopping simulation.", "lap": 43, "driver": "Kim Nguen", "pneu": "hard", "wettiness": 100}
{"ts": "2026-06-21T10:33:48", "event": "[WARNING]", "fn": "happend_something", "msg": "Wet track (wettiness=100) but Kim Nguen uses dry tyres (hard) at lap 44. Stopping simulation.", "lap": 44, "driver": "Kim Nguen", "pneu": "hard", "wettiness": 100}
{"ts": "2026-06-21T10:33:48", "event": "[WARNING]", "fn": "happend_something", "msg": "Wet track (wettiness=100) but Kim Nguen uses dry tyres (hard) at lap 45. Stopping simulation.", "lap": 45, "driver": "Kim Nguen", "pneu": "hard", "wettiness": 100}
{"ts": "2026-06-21T10:33:48", "event": "[WARNING]", "fn": "happend_something", "msg": "Wet track (wettiness=100) but Kim Nguen uses dry tyres (hard) at lap 46. Stopping simulation.", "lap": 46, "driver": "Kim Nguen", "pneu": "hard", "wettiness": 100}
{"ts": "2026-06-21T10:33:48", "event": "[WARNING]", "fn": "happend_something", "msg": "Wet track (wettiness=100) but Kim Nguen uses dry tyres (hard) at lap 47. Stopping simulation.", "lap": 47, "driver": "Kim Nguen", "pneu": "hard", "wettiness": 100}
{"ts": "2026-06-21T10:33:48", "event": "[WARNING]", "fn": "happend_something", "msg": "Wet track (wettiness=100) but Kim Nguen uses dry tyres (hard) at lap 48. Stopping simulation.", "lap": 48, "driver": "Kim Nguen", "pneu": "hard", "wettiness": 100}
{"ts": "2026-06-21T10:33:48", "event": "[WARNING]", "fn": "happend_something", "msg": "Wet track (wettiness=100) but Kim Nguen uses dry tyres (hard) at lap 49. Stopping simulation.", "lap": 49, "driver": "Kim Nguen", "pneu": "hard", "wettiness": 100}
{"ts": "2026-06-21T10:33:48", "event": "[WARNING]", "fn": "happend_something", "msg": "Wet track (wettiness=100) but Kim Nguen uses dry tyres (hard) at lap 50. Stopping simulation.", "lap": 50, "driver": "Kim Nguen", "pneu": "hard", "wettiness": 100}
{"ts": "2026-06-21T10:33:48", "event": "[WARNING]", "fn": "happend_something", "msg": "Wet track (wettiness=100) but Kim Nguen uses dry tyres (hard) at lap 51. Stopping simulation.", "lap": 51, "driver": "Kim Nguen", "pneu": "hard", "wettiness": 100}
{"ts": "2026-06-21T10:33:48", "event": "[WARNING]", "fn": "happend_something", "msg": "Wet track (wettiness=100) but Kim Nguen uses dry tyres (hard) at lap 52. Stopping simulation.", "lap": 52, "driver": "Kim Nguen", "pneu": "hard", "wettiness": 100}
{"ts": "2026-06-21T10:33:48", "event": "[WARNING]", "fn": "happend_something", "msg": "Wet track (wettiness=100) but Kim Nguen uses dry tyres (hard) at lap 53. Stopping simulation.", "lap": 53, "driver": "Kim Nguen", "pneu": "hard", "wettiness": 100}
{"ts": "2026-06-21T10:33:48", "event": "[WARNING]", "fn": "happend_something", "msg": "Wet track (wettiness=100) but Kim Nguen uses dry tyres (hard) at lap 54. Stopping simulation.", "lap": 54, "driver": "Kim Nguen", "pneu": "hard", "wettiness": 100}
